<?xml version="1.0" encoding="UTF-8"?>
<!-- Generated by org.testng.reporters.JUnitReportReporter -->
<testsuite skipped="0" hostname="Deepak" name="First.Testing.DriverTest" tests="1" failures="0" timestamp="2021-06-18T20:30:28 SGT" time="1.762" errors="0">
  <testcase name="test" time="1.762" classname="First.Testing.DriverTest"/>
  <system-out/>
</testsuite> <!-- First.Testing.DriverTest -->
