<?xml version="1.0" encoding="UTF-8"?>
<!-- Generated by org.testng.reporters.JUnitReportReporter -->
<testsuite skipped="0" hostname="Deepak" name="First.Testing.StringOperation" tests="1" failures="0" timestamp="2021-06-18T21:32:59 SGT" time="0.009" errors="0">
  <testcase name="revstring" time="0.009" classname="First.Testing.StringOperation"/>
  <system-out/>
</testsuite> <!-- First.Testing.StringOperation -->
