<?xml version="1.0" encoding="UTF-8"?>
<!-- Generated by org.testng.reporters.JUnitReportReporter -->
<testsuite skipped="0" hostname="Deepak" name="First.Testing.AppTest" tests="1" failures="0" timestamp="2021-06-18T20:30:28 SGT" time="8.229" errors="0">
  <testcase name="initialDemo" time="8.229" classname="First.Testing.AppTest"/>
  <system-out/>
</testsuite> <!-- First.Testing.AppTest -->
