<?xml version="1.0" encoding="UTF-8"?>
<!-- Generated by org.testng.reporters.JUnitReportReporter -->
<testsuite skipped="0" hostname="Deepak" name="First.Testing.PrintTest" tests="1" failures="0" timestamp="2021-05-29T16:34:12 SGT" time="0.001" errors="0">
  <testcase name="print" time="0.001" classname="First.Testing.PrintTest"/>
  <system-out/>
</testsuite> <!-- First.Testing.PrintTest -->
