<?xml version="1.0" encoding="UTF-8"?>
<!-- Generated by org.testng.reporters.JUnitReportReporter -->
<testsuite skipped="0" hostname="Deepak" name="First.Testing.AppTest" tests="1" failures="0" timestamp="2021-05-29T16:34:12 SGT" time="17.094" errors="0">
  <testcase name="Test" time="17.094" classname="First.Testing.AppTest"/>
  <system-out/>
</testsuite> <!-- First.Testing.AppTest -->
